[18:04:53.544] Global cache location '/home/ruusaig/.cache/typescript/4.8', safe file path '/home/ruusaig/.emacs.d/.cache/lsp/npm/typescript/lib/node_modules/typescript/lib/typingSafeList.json', types map path /home/ruusaig/.emacs.d/.cache/lsp/npm/typescript/lib/node_modules/typescript/lib/typesMap.json
[18:04:53.545] Processing cache location '/home/ruusaig/.cache/typescript/4.8'
[18:04:53.545] Trying to find '/home/ruusaig/.cache/typescript/4.8/package.json'...
[18:04:53.653] Loaded content of '/home/ruusaig/.cache/typescript/4.8/package.json': {"private":true,"dependencies":{"types-registry":"^0.1.611"},"devDependencies":{"@types/async":"^3.2.15","@types/babel__core":"^7.1.19","@types/babel__generator":"^7.6.4","@types/base64-js":"^1.3.0","@types/connect":"^3.4.35","@types/eslint":"^8.4.6","@types/eslint-config-prettier":"^6.11.0","@types/eslint-plugin-prettier":"^3.1.0","@types/inquirer":"^9.0.1","@types/invariant":"^2.2.35","@types/jscodeshift":"^0.11.5","@types/metro-source-map":"^0.66.0","@types/mkdirp":"^1.0.2","@types/prettier":"^2.7.1","@types/react":"^18.0.21","@types/react-native":"^0.70.3","@types/react-native__assets":"^1.0.0","@types/react-native-vector-icons":"^6.4.12","@types/react-refresh":"^0.14.0","@types/react-test-renderer":"^18.0.0","@types/regenerator-runtime":"^0.13.1","@types/scheduler":"^0.16.2","@types/shelljs":"^0.8.11","@types/use-sync-external-store":"^0.0.3","@types/ws":"^8.5.3","@types/yargs":"^17.0.13"}}
[18:04:53.653] Loaded content of '/home/ruusaig/.cache/typescript/4.8/package-lock.json'
[18:04:53.881] Adding entry into typings cache: 'async' => '/home/ruusaig/.cache/typescript/4.8/node_modules/@types/async/index.d.ts'
[18:04:54.137] Adding entry into typings cache: 'babel__core' => '/home/ruusaig/.cache/typescript/4.8/node_modules/@types/babel__core/index.d.ts'
[18:04:54.189] Adding entry into typings cache: 'babel__generator' => '/home/ruusaig/.cache/typescript/4.8/node_modules/@types/babel__generator/index.d.ts'
[18:04:54.304] Adding entry into typings cache: 'base64-js' => '/home/ruusaig/.cache/typescript/4.8/node_modules/@types/base64-js/index.d.ts'
[18:04:54.378] Adding entry into typings cache: 'connect' => '/home/ruusaig/.cache/typescript/4.8/node_modules/@types/connect/index.d.ts'
[18:04:54.444] Adding entry into typings cache: 'eslint' => '/home/ruusaig/.cache/typescript/4.8/node_modules/@types/eslint/index.d.ts'
[18:04:54.463] Adding entry into typings cache: 'eslint-config-prettier' => '/home/ruusaig/.cache/typescript/4.8/node_modules/@types/eslint-config-prettier/index.d.ts'
[18:04:54.505] Adding entry into typings cache: 'eslint-plugin-prettier' => '/home/ruusaig/.cache/typescript/4.8/node_modules/@types/eslint-plugin-prettier/index.d.ts'
[18:04:54.586] Adding entry into typings cache: 'inquirer' => '/home/ruusaig/.cache/typescript/4.8/node_modules/@types/inquirer/index.d.ts'
[18:04:54.619] Adding entry into typings cache: 'invariant' => '/home/ruusaig/.cache/typescript/4.8/node_modules/@types/invariant/index.d.ts'
[18:04:54.678] Adding entry into typings cache: 'jscodeshift' => '/home/ruusaig/.cache/typescript/4.8/node_modules/@types/jscodeshift/index.d.ts'
[18:04:54.722] Adding entry into typings cache: 'metro-source-map' => '/home/ruusaig/.cache/typescript/4.8/node_modules/@types/metro-source-map/index.d.ts'
[18:04:54.795] Adding entry into typings cache: 'mkdirp' => '/home/ruusaig/.cache/typescript/4.8/node_modules/@types/mkdirp/index.d.ts'
[18:04:54.838] Adding entry into typings cache: 'prettier' => '/home/ruusaig/.cache/typescript/4.8/node_modules/@types/prettier/index.d.ts'
[18:04:54.917] Adding entry into typings cache: 'react' => '/home/ruusaig/.cache/typescript/4.8/node_modules/@types/react/index.d.ts'
[18:04:54.944] Adding entry into typings cache: 'react-native' => '/home/ruusaig/.cache/typescript/4.8/node_modules/@types/react-native/index.d.ts'
[18:04:55.094] Adding entry into typings cache: 'react-native__assets' => '/home/ruusaig/.cache/typescript/4.8/node_modules/@types/react-native__assets/index.d.ts'
[18:04:55.193] Adding entry into typings cache: 'react-native-vector-icons' => '/home/ruusaig/.cache/typescript/4.8/node_modules/@types/react-native-vector-icons/index.d.ts'
[18:04:55.339] Adding entry into typings cache: 'react-refresh' => '/home/ruusaig/.cache/typescript/4.8/node_modules/@types/react-refresh/index.d.ts'
[18:04:55.401] Adding entry into typings cache: 'react-test-renderer' => '/home/ruusaig/.cache/typescript/4.8/node_modules/@types/react-test-renderer/index.d.ts'
[18:04:55.422] Adding entry into typings cache: 'regenerator-runtime' => '/home/ruusaig/.cache/typescript/4.8/node_modules/@types/regenerator-runtime/index.d.ts'
[18:04:55.462] Adding entry into typings cache: 'scheduler' => '/home/ruusaig/.cache/typescript/4.8/node_modules/@types/scheduler/index.d.ts'
[18:04:55.582] Adding entry into typings cache: 'shelljs' => '/home/ruusaig/.cache/typescript/4.8/node_modules/@types/shelljs/index.d.ts'
[18:04:55.612] Adding entry into typings cache: 'use-sync-external-store' => '/home/ruusaig/.cache/typescript/4.8/node_modules/@types/use-sync-external-store/index.d.ts'
[18:04:55.702] Adding entry into typings cache: 'ws' => '/home/ruusaig/.cache/typescript/4.8/node_modules/@types/ws/index.d.ts'
[18:04:55.806] Adding entry into typings cache: 'yargs' => '/home/ruusaig/.cache/typescript/4.8/node_modules/@types/yargs/index.d.ts'
[18:04:55.806] Finished processing cache location '/home/ruusaig/.cache/typescript/4.8'
[18:04:55.921] Process id: 250421
[18:04:55.921] NPM location: "/usr/bin/npm" (explicit '--npmLocation' not  provided)
[18:04:55.921] validateDefaultNpmLocation: true
[18:04:55.921] Npm config file: /home/ruusaig/.cache/typescript/4.8/package.json
[18:04:55.922] Updating types-registry npm package...
[18:04:55.922] Exec: "/usr/bin/npm" install --ignore-scripts types-registry@latest
[18:05:12.845]     Succeeded. stdout:
    
    changed 1 package, and audited 50 packages in 5s

found 0 vulnerabilities

[18:05:12.846] Updated types-registry npm package
